app/build/outputs/logs/manifest-merger-debug-report.txt
-- Merging decision tree log ---
manifest
ADDED from src/main/AndroidManifest.xml:2:1-37:12
	package
		ADDED from src/main/AndroidManifest.xml:3:2-33
		INJECTED from src/main/AndroidManifest.xml
		INJECTED from src/main/AndroidManifest.xml
	android:versionName
		ADDED from src/main/AndroidManifest.xml:4:2-29
		INJECTED from src/main/AndroidManifest.xml
		INJECTED from src/main/AndroidManifest.xml
	android:versionCode
		ADDED from src/main/AndroidManifest.xml:3:34-64
		INJECTED from src/main/AndroidManifest.xml
		INJECTED from src/main/AndroidManifest.xml
	xmlns:android
		ADDED from src/main/AndroidManifest.xml:2:11-69
application
ADDED from src/main/AndroidManifest.xml:5:2-29:16
	android:label
		ADDED from src/main/AndroidManifest.xml:5:45-77
	android:icon
		ADDED from src/main/AndroidManifest.xml:5:15-44
activity#org.androidpn.demoapp.DemoAppActivity
ADDED from src/main/AndroidManifest.xml:6:3-11:14
	android:label
		ADDED from src/main/AndroidManifest.xml:6:45-77
	android:name
		ADDED from src/main/AndroidManifest.xml:6:13-44
intent-filter#android.intent.action.MAIN+android.intent.category.LAUNCHER
ADDED from src/main/AndroidManifest.xml:7:4-10:20
action#android.intent.action.MAIN
ADDED from src/main/AndroidManifest.xml:8:5-57
	android:name
		ADDED from src/main/AndroidManifest.xml:8:13-54
category#android.intent.category.LAUNCHER
ADDED from src/main/AndroidManifest.xml:9:5-65
	android:name
		ADDED from src/main/AndroidManifest.xml:9:15-62
activity#org.androidpn.client.NotificationDetailsActivity
ADDED from src/main/AndroidManifest.xml:12:3-14:14
	android:label
		ADDED from src/main/AndroidManifest.xml:13:4-40
	android:name
		ADDED from src/main/AndroidManifest.xml:12:13-76
activity#org.androidpn.client.NotificationSettingsActivity
ADDED from src/main/AndroidManifest.xml:15:3-17:14
	android:label
		ADDED from src/main/AndroidManifest.xml:16:4-41
	android:name
		ADDED from src/main/AndroidManifest.xml:15:13-77
service#org.androidpn.client.NotificationService
ADDED from src/main/AndroidManifest.xml:18:3-24:13
	android:enabled
		ADDED from src/main/AndroidManifest.xml:18:12-34
	android:label
		ADDED from src/main/AndroidManifest.xml:20:4-39
	android:name
		ADDED from src/main/AndroidManifest.xml:19:4-59
intent-filter#org.androidpn.client.NotificationService
ADDED from src/main/AndroidManifest.xml:21:4-23:20
action#org.androidpn.client.NotificationService
ADDED from src/main/AndroidManifest.xml:22:5-71
	android:name
		ADDED from src/main/AndroidManifest.xml:22:13-68
uses-sdk
ADDED from src/main/AndroidManifest.xml:30:2-40
	android:targetSdkVersion
		INJECTED from src/main/AndroidManifest.xml
		INJECTED from src/main/AndroidManifest.xml
	android:minSdkVersion
		ADDED from src/main/AndroidManifest.xml:30:12-37
		INJECTED from src/main/AndroidManifest.xml
		INJECTED from src/main/AndroidManifest.xml
uses-permission#android.permission.READ_PHONE_STATE
ADDED from src/main/AndroidManifest.xml:31:2-72
	android:name
		ADDED from src/main/AndroidManifest.xml:31:19-69
uses-permission#android.permission.ACCESS_NETWORK_STATE
ADDED from src/main/AndroidManifest.xml:32:2-76
	android:name
		ADDED from src/main/AndroidManifest.xml:32:19-73
uses-permission#android.permission.INTERNET
ADDED from src/main/AndroidManifest.xml:33:2-64
	android:name
		ADDED from src/main/AndroidManifest.xml:33:19-61
uses-permission#android.permission.ACCESS_WIFI_STATE
ADDED from src/main/AndroidManifest.xml:34:2-73
	android:name
		ADDED from src/main/AndroidManifest.xml:34:19-70
uses-permission#android.permission.CHANGE_WIFI_STATE
ADDED from src/main/AndroidManifest.xml:35:2-73
	android:name
		ADDED from src/main/AndroidManifest.xml:35:19-70
uses-permission#android.permission.VIBRATE
ADDED from src/main/AndroidManifest.xml:36:2-63
	android:name
		ADDED from src/main/AndroidManifest.xml:36:19-60